2025-10-22T12:25:08.224+09:00 DEBUG 13284 --- [HikariPool-1:housekeeper] com.zaxxer.hikari.pool.HikariPool        : HikariPool-1 - keepalive: connection com.mysql.cj.jdbc.ConnectionImpl@9590892 is alive
2025-10-22T12:25:11.684+09:00 DEBUG 13284 --- [HikariPool-1:housekeeper] com.zaxxer.hikari.pool.HikariPool        : HikariPool-1 - Pool stats (total=10/10, idle=10/10, active=0, waiting=0)
2025-10-22T12:25:11.684+09:00 DEBUG 13284 --- [HikariPool-1:housekeeper] com.zaxxer.hikari.pool.HikariPool        : HikariPool-1 - Fill pool skipped, pool has sufficient level or currently being filled.
2025-10-22T12:25:13.866+09:00 DEBUG 13284 --- [HikariPool-1:housekeeper] com.zaxxer.hikari.pool.HikariPool        : HikariPool-1 - keepalive: connection com.mysql.cj.jdbc.ConnectionImpl@19444c2f is alive
2025-10-22T12:25:37.288+09:00 DEBUG 13284 --- [HikariPool-1:connection-closer] com.zaxxer.hikari.pool.PoolBase          : HikariPool-1 - Closing connection com.mysql.cj.jdbc.ConnectionImpl@73bb573d: (connection has passed maxLifetime)
2025-10-22T12:25:37.288+09:00 DEBUG 13284 --- [HikariPool-1:connection-adder] com.zaxxer.hikari.pool.PoolBase          : HikariPool-1 - Attempting to create/setup new connection (91bfde47-a7ee-442b-b612-f53d91f80865)
2025-10-22T12:25:37.300+09:00 DEBUG 13284 --- [HikariPool-1:connection-adder] jdk.event.security                       : X509Certificate: Alg:SHA256withRSA, Serial:02, Subject:CN=MySQL_Server_8.0.42_Auto_Generated_Server_Certificate, Issuer:CN=MySQL_Server_8.0.42_Auto_Generated_CA_Certificate, Key type:RSA, Length:2048, Cert Id:701757966, Valid from:25. 7. 15. 오전 9:33, Valid until:35. 7. 13. 오전 9:33
2025-10-22T12:25:37.300+09:00 DEBUG 13284 --- [HikariPool-1:connection-adder] jdk.event.security                       : X509Certificate: Alg:SHA256withRSA, Serial:01, Subject:CN=MySQL_Server_8.0.42_Auto_Generated_CA_Certificate, Issuer:CN=MySQL_Server_8.0.42_Auto_Generated_CA_Certificate, Key type:RSA, Length:2048, Cert Id:1162200362, Valid from:25. 7. 15. 오전 9:33, Valid until:35. 7. 13. 오전 9:33
2025-10-22T12:25:37.302+09:00 DEBUG 13284 --- [HikariPool-1:connection-adder] jdk.event.security                       :  TLSHandshake: localhost:3306, TLSv1.3, TLS_AES_256_GCM_SHA384, 701757966
2025-10-22T12:25:37.304+09:00 DEBUG 13284 --- [HikariPool-1:connection-adder] com.zaxxer.hikari.pool.PoolBase          : HikariPool-1 - Established new connection (91bfde47-a7ee-442b-b612-f53d91f80865)
2025-10-22T12:25:37.304+09:00 DEBUG 13284 --- [HikariPool-1:connection-adder] com.zaxxer.hikari.pool.HikariPool        : HikariPool-1 - Added connection com.mysql.cj.jdbc.ConnectionImpl@80c5088
2025-10-22T12:25:41.189+09:00 DEBUG 13284 --- [HikariPool-1:housekeeper] com.zaxxer.hikari.pool.HikariPool        : HikariPool-1 - keepalive: connection com.mysql.cj.jdbc.ConnectionImpl@573076b7 is alive
2025-10-22T12:25:41.699+09:00 DEBUG 13284 --- [HikariPool-1:housekeeper] com.zaxxer.hikari.pool.HikariPool        : HikariPool-1 - Pool stats (total=10/10, idle=10/10, active=0, waiting=0)
2025-10-22T12:25:41.699+09:00 DEBUG 13284 --- [HikariPool-1:housekeeper] com.zaxxer.hikari.pool.HikariPool        : HikariPool-1 - Fill pool skipped, pool has sufficient level or currently being filled.
2025-10-22T12:25:47.236+09:00 DEBUG 13284 --- [HikariPool-1:housekeeper] com.zaxxer.hikari.pool.HikariPool        : HikariPool-1 - keepalive: connection com.mysql.cj.jdbc.ConnectionImpl@77c765ae is alive
2025-10-22T12:25:48.990+09:00 DEBUG 13284 --- [HikariPool-1:connection-closer] com.zaxxer.hikari.pool.PoolBase          : HikariPool-1 - Closing connection com.mysql.cj.jdbc.ConnectionImpl@573076b7: (connection has passed maxLifetime)
2025-10-22T12:25:48.992+09:00 DEBUG 13284 --- [HikariPool-1:connection-adder] com.zaxxer.hikari.pool.PoolBase          : HikariPool-1 - Attempting to create/setup new connection (85495fc9-8040-4cef-8181-f38dcf54004e)
2025-10-22T12:25:49.002+09:00 DEBUG 13284 --- [HikariPool-1:connection-adder] jdk.event.security                       : X509Certificate: Alg:SHA256withRSA, Serial:02, Subject:CN=MySQL_Server_8.0.42_Auto_Generated_Server_Certificate, Issuer:CN=MySQL_Server_8.0.42_Auto_Generated_CA_Certificate, Key type:RSA, Length:2048, Cert Id:701757966, Valid from:25. 7. 15. 오전 9:33, Valid until:35. 7. 13. 오전 9:33
2025-10-22T12:25:49.002+09:00 DEBUG 13284 --- [HikariPool-1:connection-adder] jdk.event.security                       : X509Certificate: Alg:SHA256withRSA, Serial:01, Subject:CN=MySQL_Server_8.0.42_Auto_Generated_CA_Certificate, Issuer:CN=MySQL_Server_8.0.42_Auto_Generated_CA_Certificate, Key type:RSA, Length:2048, Cert Id:1162200362, Valid from:25. 7. 15. 오전 9:33, Valid until:35. 7. 13. 오전 9:33
2025-10-22T12:25:49.003+09:00 DEBUG 13284 --- [HikariPool-1:connection-adder] jdk.event.security                       :  TLSHandshake: localhost:3306, TLSv1.3, TLS_AES_256_GCM_SHA384, 701757966
2025-10-22T12:25:49.005+09:00 DEBUG 13284 --- [HikariPool-1:connection-adder] com.zaxxer.hikari.pool.PoolBase          : HikariPool-1 - Established new connection (85495fc9-8040-4cef-8181-f38dcf54004e)
2025-10-22T12:25:49.005+09:00 DEBUG 13284 --- [HikariPool-1:connection-adder] com.zaxxer.hikari.pool.HikariPool        : HikariPool-1 - Added connection com.mysql.cj.jdbc.ConnectionImpl@780518d3
2025-10-22T12:26:05.322+09:00 DEBUG 13284 --- [HikariPool-1:housekeeper] com.zaxxer.hikari.pool.HikariPool        : HikariPool-1 - keepalive: connection com.mysql.cj.jdbc.ConnectionImpl@4dfd6eae is alive
2025-10-22T12:26:11.702+09:00 DEBUG 13284 --- [HikariPool-1:housekeeper] com.zaxxer.hikari.pool.HikariPool        : HikariPool-1 - Pool stats (total=10/10, idle=10/10, active=0, waiting=0)
2025-10-22T12:26:11.702+09:00 DEBUG 13284 --- [HikariPool-1:housekeeper] com.zaxxer.hikari.pool.HikariPool        : HikariPool-1 - Fill pool skipped, pool has sufficient level or currently being filled.
2025-10-22T12:26:18.101+09:00 DEBUG 13284 --- [HikariPool-1:housekeeper] com.zaxxer.hikari.pool.HikariPool        : HikariPool-1 - keepalive: connection com.mysql.cj.jdbc.ConnectionImpl@59a3c56 is alive
2025-10-22T12:26:27.226+09:00 DEBUG 13284 --- [HikariPool-1:housekeeper] com.zaxxer.hikari.pool.HikariPool        : HikariPool-1 - keepalive: connection com.mysql.cj.jdbc.ConnectionImpl@666d547f is alive
2025-10-22T12:26:27.553+09:00 DEBUG 13284 --- [HikariPool-1:housekeeper] com.zaxxer.hikari.pool.HikariPool        : HikariPool-1 - keepalive: connection com.mysql.cj.jdbc.ConnectionImpl@2411b6f9 is alive
2025-10-22T12:26:41.714+09:00 DEBUG 13284 --- [HikariPool-1:housekeeper] com.zaxxer.hikari.pool.HikariPool        : HikariPool-1 - Pool stats (total=10/10, idle=10/10, active=0, waiting=0)
2025-10-22T12:26:41.714+09:00 DEBUG 13284 --- [HikariPool-1:housekeeper] com.zaxxer.hikari.pool.HikariPool        : HikariPool-1 - Fill pool skipped, pool has sufficient level or currently being filled.
2025-10-22T12:26:49.764+09:00 DEBUG 13284 --- [HikariPool-1:housekeeper] com.zaxxer.hikari.pool.HikariPool        : HikariPool-1 - keepalive: connection com.mysql.cj.jdbc.ConnectionImpl@5344d568 is alive
2025-10-22T12:26:50.026+09:00 DEBUG 13284 --- [HikariPool-1:housekeeper] com.zaxxer.hikari.pool.HikariPool        : HikariPool-1 - keepalive: connection com.mysql.cj.jdbc.ConnectionImpl@19444c2f is alive
2025-10-22T12:26:50.308+09:00 DEBUG 13284 --- [HikariPool-1:housekeeper] com.zaxxer.hikari.pool.HikariPool        : HikariPool-1 - keepalive: connection com.mysql.cj.jdbc.ConnectionImpl@9590892 is alive
2025-10-22T12:27:11.716+09:00 DEBUG 13284 --- [HikariPool-1:housekeeper] com.zaxxer.hikari.pool.HikariPool        : HikariPool-1 - Pool stats (total=10/10, idle=10/10, active=0, waiting=0)
2025-10-22T12:27:11.716+09:00 DEBUG 13284 --- [HikariPool-1:housekeeper] com.zaxxer.hikari.pool.HikariPool        : HikariPool-1 - Fill pool skipped, pool has sufficient level or currently being filled.
2025-10-22T12:27:15.740+09:00 DEBUG 13284 --- [HikariPool-1:housekeeper] com.zaxxer.hikari.pool.HikariPool        : HikariPool-1 - keepalive: connection com.mysql.cj.jdbc.ConnectionImpl@80c5088 is alive
2025-10-22T12:27:27.166+09:00 DEBUG 13284 --- [HikariPool-1:housekeeper] com.zaxxer.hikari.pool.HikariPool        : HikariPool-1 - keepalive: connection com.mysql.cj.jdbc.ConnectionImpl@77c765ae is alive
2025-10-22T12:27:35.392+09:00 DEBUG 13284 --- [HikariPool-1:housekeeper] com.zaxxer.hikari.pool.HikariPool        : HikariPool-1 - keepalive: connection com.mysql.cj.jdbc.ConnectionImpl@780518d3 is alive
2025-10-22T12:27:41.723+09:00 DEBUG 13284 --- [HikariPool-1:housekeeper] com.zaxxer.hikari.pool.HikariPool        : HikariPool-1 - Pool stats (total=10/10, idle=10/10, active=0, waiting=0)
2025-10-22T12:27:41.723+09:00 DEBUG 13284 --- [HikariPool-1:housekeeper] com.zaxxer.hikari.pool.HikariPool        : HikariPool-1 - Fill pool skipped, pool has sufficient level or currently being filled.
2025-10-22T12:27:55.919+09:00 DEBUG 13284 --- [HikariPool-1:housekeeper] com.zaxxer.hikari.pool.HikariPool        : HikariPool-1 - keepalive: connection com.mysql.cj.jdbc.ConnectionImpl@4dfd6eae is alive
2025-10-22T12:28:03.305+09:00 DEBUG 13284 --- [HikariPool-1:housekeeper] com.zaxxer.hikari.pool.HikariPool        : HikariPool-1 - keepalive: connection com.mysql.cj.jdbc.ConnectionImpl@59a3c56 is alive
2025-10-22T12:28:04.664+09:00 DEBUG 13284 --- [HikariPool-1:housekeeper] com.zaxxer.hikari.pool.HikariPool        : HikariPool-1 - keepalive: connection com.mysql.cj.jdbc.ConnectionImpl@666d547f is alive
2025-10-22T12:28:11.724+09:00 DEBUG 13284 --- [HikariPool-1:housekeeper] com.zaxxer.hikari.pool.HikariPool        : HikariPool-1 - Pool stats (total=10/10, idle=10/10, active=0, waiting=0)
2025-10-22T12:28:11.724+09:00 DEBUG 13284 --- [HikariPool-1:housekeeper] com.zaxxer.hikari.pool.HikariPool        : HikariPool-1 - Fill pool skipped, pool has sufficient level or currently being filled.
2025-10-22T12:28:11.974+09:00 DEBUG 13284 --- [HikariPool-1:housekeeper] com.zaxxer.hikari.pool.HikariPool        : HikariPool-1 - keepalive: connection com.mysql.cj.jdbc.ConnectionImpl@2411b6f9 is alive
2025-10-22T12:28:26.186+09:00 DEBUG 13284 --- [HikariPool-1:housekeeper] com.zaxxer.hikari.pool.HikariPool        : HikariPool-1 - keepalive: connection com.mysql.cj.jdbc.ConnectionImpl@19444c2f is alive
2025-10-22T12:28:32.379+09:00 DEBUG 13284 --- [HikariPool-1:housekeeper] com.zaxxer.hikari.pool.HikariPool        : HikariPool-1 - keepalive: connection com.mysql.cj.jdbc.ConnectionImpl@9590892 is alive
2025-10-22T12:28:41.735+09:00 DEBUG 13284 --- [HikariPool-1:housekeeper] com.zaxxer.hikari.pool.HikariPool        : HikariPool-1 - Pool stats (total=10/10, idle=10/10, active=0, waiting=0)
2025-10-22T12:28:41.735+09:00 DEBUG 13284 --- [HikariPool-1:housekeeper] com.zaxxer.hikari.pool.HikariPool        : HikariPool-1 - Fill pool skipped, pool has sufficient level or currently being filled.
2025-10-22T12:28:44.722+09:00 DEBUG 13284 --- [HikariPool-1:housekeeper] com.zaxxer.hikari.pool.HikariPool        : HikariPool-1 - keepalive: connection com.mysql.cj.jdbc.ConnectionImpl@5344d568 is alive
2025-10-22T12:28:54.166+09:00 DEBUG 13284 --- [HikariPool-1:housekeeper] com.zaxxer.hikari.pool.HikariPool        : HikariPool-1 - keepalive: connection com.mysql.cj.jdbc.ConnectionImpl@80c5088 is alive
2025-10-22T12:29:07.098+09:00 DEBUG 13284 --- [HikariPool-1:housekeeper] com.zaxxer.hikari.pool.HikariPool        : HikariPool-1 - keepalive: connection com.mysql.cj.jdbc.ConnectionImpl@77c765ae is alive
2025-10-22T12:29:11.737+09:00 DEBUG 13284 --- [HikariPool-1:housekeeper] com.zaxxer.hikari.pool.HikariPool        : HikariPool-1 - Pool stats (total=10/10, idle=10/10, active=0, waiting=0)
2025-10-22T12:29:11.737+09:00 DEBUG 13284 --- [HikariPool-1:housekeeper] com.zaxxer.hikari.pool.HikariPool        : HikariPool-1 - Fill pool skipped, pool has sufficient level or currently being filled.
2025-10-22T12:29:21.776+09:00 DEBUG 13284 --- [HikariPool-1:housekeeper] com.zaxxer.hikari.pool.HikariPool        : HikariPool-1 - keepalive: connection com.mysql.cj.jdbc.ConnectionImpl@780518d3 is alive
2025-10-22T12:29:41.751+09:00 DEBUG 13284 --- [HikariPool-1:housekeeper] com.zaxxer.hikari.pool.HikariPool        : HikariPool-1 - Pool stats (total=10/10, idle=10/10, active=0, waiting=0)
2025-10-22T12:29:41.751+09:00 DEBUG 13284 --- [HikariPool-1:housekeeper] com.zaxxer.hikari.pool.HikariPool        : HikariPool-1 - Fill pool skipped, pool has sufficient level or currently being filled.
2025-10-22T12:29:42.108+09:00 DEBUG 13284 --- [HikariPool-1:housekeeper] com.zaxxer.hikari.pool.HikariPool        : HikariPool-1 - keepalive: connection com.mysql.cj.jdbc.ConnectionImpl@666d547f is alive
2025-10-22T12:29:46.516+09:00 DEBUG 13284 --- [HikariPool-1:housekeeper] com.zaxxer.hikari.pool.HikariPool        : HikariPool-1 - keepalive: connection com.mysql.cj.jdbc.ConnectionImpl@4dfd6eae is alive
2025-10-22T12:29:48.511+09:00 DEBUG 13284 --- [HikariPool-1:housekeeper] com.zaxxer.hikari.pool.HikariPool        : HikariPool-1 - keepalive: connection com.mysql.cj.jdbc.ConnectionImpl@59a3c56 is alive
2025-10-22T12:29:56.394+09:00 DEBUG 13284 --- [HikariPool-1:housekeeper] com.zaxxer.hikari.pool.HikariPool        : HikariPool-1 - keepalive: connection com.mysql.cj.jdbc.ConnectionImpl@2411b6f9 is alive
2025-10-22T12:30:02.335+09:00 DEBUG 13284 --- [HikariPool-1:housekeeper] com.zaxxer.hikari.pool.HikariPool        : HikariPool-1 - keepalive: connection com.mysql.cj.jdbc.ConnectionImpl@19444c2f is alive
2025-10-22T12:30:11.765+09:00 DEBUG 13284 --- [HikariPool-1:housekeeper] com.zaxxer.hikari.pool.HikariPool        : HikariPool-1 - Pool stats (total=10/10, idle=10/10, active=0, waiting=0)
2025-10-22T12:30:11.765+09:00 DEBUG 13284 --- [HikariPool-1:housekeeper] com.zaxxer.hikari.pool.HikariPool        : HikariPool-1 - Fill pool skipped, pool has sufficient level or currently being filled.
2025-10-22T12:30:14.446+09:00 DEBUG 13284 --- [HikariPool-1:housekeeper] com.zaxxer.hikari.pool.HikariPool        : HikariPool-1 - keepalive: connection com.mysql.cj.jdbc.ConnectionImpl@9590892 is alive
2025-10-22T12:30:32.597+09:00 DEBUG 13284 --- [HikariPool-1:housekeeper] com.zaxxer.hikari.pool.HikariPool        : HikariPool-1 - keepalive: connection com.mysql.cj.jdbc.ConnectionImpl@80c5088 is alive
2025-10-22T12:30:39.676+09:00 DEBUG 13284 --- [HikariPool-1:housekeeper] com.zaxxer.hikari.pool.HikariPool        : HikariPool-1 - keepalive: connection com.mysql.cj.jdbc.ConnectionImpl@5344d568 is alive
2025-10-22T12:30:41.774+09:00 DEBUG 13284 --- [HikariPool-1:housekeeper] com.zaxxer.hikari.pool.HikariPool        : HikariPool-1 - Pool stats (total=10/10, idle=10/10, active=0, waiting=0)
2025-10-22T12:30:41.774+09:00 DEBUG 13284 --- [HikariPool-1:housekeeper] com.zaxxer.hikari.pool.HikariPool        : HikariPool-1 - Fill pool skipped, pool has sufficient level or currently being filled.
2025-10-22T12:30:47.036+09:00 DEBUG 13284 --- [HikariPool-1:housekeeper] com.zaxxer.hikari.pool.HikariPool        : HikariPool-1 - keepalive: connection com.mysql.cj.jdbc.ConnectionImpl@77c765ae is alive
2025-10-22T12:31:08.170+09:00 DEBUG 13284 --- [HikariPool-1:housekeeper] com.zaxxer.hikari.pool.HikariPool        : HikariPool-1 - keepalive: connection com.mysql.cj.jdbc.ConnectionImpl@780518d3 is alive
2025-10-22T12:31:11.782+09:00 DEBUG 13284 --- [HikariPool-1:housekeeper] com.zaxxer.hikari.pool.HikariPool        : HikariPool-1 - Pool stats (total=10/10, idle=10/10, active=0, waiting=0)
2025-10-22T12:31:11.782+09:00 DEBUG 13284 --- [HikariPool-1:housekeeper] com.zaxxer.hikari.pool.HikariPool        : HikariPool-1 - Fill pool skipped, pool has sufficient level or currently being filled.
2025-10-22T12:31:19.547+09:00 DEBUG 13284 --- [HikariPool-1:housekeeper] com.zaxxer.hikari.pool.HikariPool        : HikariPool-1 - keepalive: connection com.mysql.cj.jdbc.ConnectionImpl@666d547f is alive
2025-10-22T12:31:33.703+09:00 DEBUG 13284 --- [HikariPool-1:housekeeper] com.zaxxer.hikari.pool.HikariPool        : HikariPool-1 - keepalive: connection com.mysql.cj.jdbc.ConnectionImpl@59a3c56 is alive
2025-10-22T12:31:37.109+09:00 DEBUG 13284 --- [HikariPool-1:housekeeper] com.zaxxer.hikari.pool.HikariPool        : HikariPool-1 - keepalive: connection com.mysql.cj.jdbc.ConnectionImpl@4dfd6eae is alive
2025-10-22T12:31:38.481+09:00 DEBUG 13284 --- [HikariPool-1:housekeeper] com.zaxxer.hikari.pool.HikariPool        : HikariPool-1 - keepalive: connection com.mysql.cj.jdbc.ConnectionImpl@19444c2f is alive
2025-10-22T12:31:40.818+09:00 DEBUG 13284 --- [HikariPool-1:housekeeper] com.zaxxer.hikari.pool.HikariPool        : HikariPool-1 - keepalive: connection com.mysql.cj.jdbc.ConnectionImpl@2411b6f9 is alive
2025-10-22T12:31:41.797+09:00 DEBUG 13284 --- [HikariPool-1:housekeeper] com.zaxxer.hikari.pool.HikariPool        : HikariPool-1 - Pool stats (total=10/10, idle=10/10, active=0, waiting=0)
2025-10-22T12:31:41.797+09:00 DEBUG 13284 --- [HikariPool-1:housekeeper] com.zaxxer.hikari.pool.HikariPool        : HikariPool-1 - Fill pool skipped, pool has sufficient level or currently being filled.
2025-10-22T12:31:56.520+09:00 DEBUG 13284 --- [HikariPool-1:housekeeper] com.zaxxer.hikari.pool.HikariPool        : HikariPool-1 - keepalive: connection com.mysql.cj.jdbc.ConnectionImpl@9590892 is alive
2025-10-22T12:32:11.031+09:00 DEBUG 13284 --- [HikariPool-1:housekeeper] com.zaxxer.hikari.pool.HikariPool        : HikariPool-1 - keepalive: connection com.mysql.cj.jdbc.ConnectionImpl@80c5088 is alive
2025-10-22T12:32:11.809+09:00 DEBUG 13284 --- [HikariPool-1:housekeeper] com.zaxxer.hikari.pool.HikariPool        : HikariPool-1 - Pool stats (total=10/10, idle=10/10, active=0, waiting=0)
2025-10-22T12:32:11.809+09:00 DEBUG 13284 --- [HikariPool-1:housekeeper] com.zaxxer.hikari.pool.HikariPool        : HikariPool-1 - Fill pool skipped, pool has sufficient level or currently being filled.
2025-10-22T12:32:26.978+09:00 DEBUG 13284 --- [HikariPool-1:housekeeper] com.zaxxer.hikari.pool.HikariPool        : HikariPool-1 - keepalive: connection com.mysql.cj.jdbc.ConnectionImpl@77c765ae is alive
2025-10-22T12:32:34.636+09:00 DEBUG 13284 --- [HikariPool-1:housekeeper] com.zaxxer.hikari.pool.HikariPool        : HikariPool-1 - keepalive: connection com.mysql.cj.jdbc.ConnectionImpl@5344d568 is alive
2025-10-22T12:32:41.817+09:00 DEBUG 13284 --- [HikariPool-1:housekeeper] com.zaxxer.hikari.pool.HikariPool        : HikariPool-1 - Pool stats (total=10/10, idle=10/10, active=0, waiting=0)
2025-10-22T12:32:41.817+09:00 DEBUG 13284 --- [HikariPool-1:housekeeper] com.zaxxer.hikari.pool.HikariPool        : HikariPool-1 - Fill pool skipped, pool has sufficient level or currently being filled.
2025-10-22T12:32:54.564+09:00 DEBUG 13284 --- [HikariPool-1:housekeeper] com.zaxxer.hikari.pool.HikariPool        : HikariPool-1 - keepalive: connection com.mysql.cj.jdbc.ConnectionImpl@780518d3 is alive
2025-10-22T12:32:56.997+09:00 DEBUG 13284 --- [HikariPool-1:housekeeper] com.zaxxer.hikari.pool.HikariPool        : HikariPool-1 - keepalive: connection com.mysql.cj.jdbc.ConnectionImpl@666d547f is alive
2025-10-22T12:33:11.825+09:00 DEBUG 13284 --- [HikariPool-1:housekeeper] com.zaxxer.hikari.pool.HikariPool        : HikariPool-1 - Pool stats (total=10/10, idle=10/10, active=0, waiting=0)
2025-10-22T12:33:11.825+09:00 DEBUG 13284 --- [HikariPool-1:housekeeper] com.zaxxer.hikari.pool.HikariPool        : HikariPool-1 - Fill pool skipped, pool has sufficient level or currently being filled.
2025-10-22T12:33:14.630+09:00 DEBUG 13284 --- [HikariPool-1:housekeeper] com.zaxxer.hikari.pool.HikariPool        : HikariPool-1 - keepalive: connection com.mysql.cj.jdbc.ConnectionImpl@19444c2f is alive
2025-10-22T12:33:18.901+09:00 DEBUG 13284 --- [HikariPool-1:housekeeper] com.zaxxer.hikari.pool.HikariPool        : HikariPool-1 - keepalive: connection com.mysql.cj.jdbc.ConnectionImpl@59a3c56 is alive
2025-10-22T12:33:25.241+09:00 DEBUG 13284 --- [HikariPool-1:housekeeper] com.zaxxer.hikari.pool.HikariPool        : HikariPool-1 - keepalive: connection com.mysql.cj.jdbc.ConnectionImpl@2411b6f9 is alive
2025-10-22T12:33:27.703+09:00 DEBUG 13284 --- [HikariPool-1:housekeeper] com.zaxxer.hikari.pool.HikariPool        : HikariPool-1 - keepalive: connection com.mysql.cj.jdbc.ConnectionImpl@4dfd6eae is alive
2025-10-22T12:33:38.589+09:00 DEBUG 13284 --- [HikariPool-1:housekeeper] com.zaxxer.hikari.pool.HikariPool        : HikariPool-1 - keepalive: connection com.mysql.cj.jdbc.ConnectionImpl@9590892 is alive
2025-10-22T12:33:41.831+09:00 DEBUG 13284 --- [HikariPool-1:housekeeper] com.zaxxer.hikari.pool.HikariPool        : HikariPool-1 - Pool stats (total=10/10, idle=10/10, active=0, waiting=0)
2025-10-22T12:33:41.831+09:00 DEBUG 13284 --- [HikariPool-1:housekeeper] com.zaxxer.hikari.pool.HikariPool        : HikariPool-1 - Fill pool skipped, pool has sufficient level or currently being filled.
2025-10-22T12:33:49.455+09:00 DEBUG 13284 --- [HikariPool-1:housekeeper] com.zaxxer.hikari.pool.HikariPool        : HikariPool-1 - keepalive: connection com.mysql.cj.jdbc.ConnectionImpl@80c5088 is alive
2025-10-22T12:34:06.921+09:00 DEBUG 13284 --- [HikariPool-1:housekeeper] com.zaxxer.hikari.pool.HikariPool        : HikariPool-1 - keepalive: connection com.mysql.cj.jdbc.ConnectionImpl@77c765ae is alive
2025-10-22T12:34:11.840+09:00 DEBUG 13284 --- [HikariPool-1:housekeeper] com.zaxxer.hikari.pool.HikariPool        : HikariPool-1 - Pool stats (total=10/10, idle=10/10, active=0, waiting=0)
2025-10-22T12:34:11.840+09:00 DEBUG 13284 --- [HikariPool-1:housekeeper] com.zaxxer.hikari.pool.HikariPool        : HikariPool-1 - Fill pool skipped, pool has sufficient level or currently being filled.
2025-10-22T12:34:29.600+09:00 DEBUG 13284 --- [HikariPool-1:housekeeper] com.zaxxer.hikari.pool.HikariPool        : HikariPool-1 - keepalive: connection com.mysql.cj.jdbc.ConnectionImpl@5344d568 is alive
2025-10-22T12:34:34.450+09:00 DEBUG 13284 --- [HikariPool-1:housekeeper] com.zaxxer.hikari.pool.HikariPool        : HikariPool-1 - keepalive: connection com.mysql.cj.jdbc.ConnectionImpl@666d547f is alive
2025-10-22T12:34:40.954+09:00 DEBUG 13284 --- [HikariPool-1:housekeeper] com.zaxxer.hikari.pool.HikariPool        : HikariPool-1 - keepalive: connection com.mysql.cj.jdbc.ConnectionImpl@780518d3 is alive
2025-10-22T12:34:41.851+09:00 DEBUG 13284 --- [HikariPool-1:housekeeper] com.zaxxer.hikari.pool.HikariPool        : HikariPool-1 - Pool stats (total=10/10, idle=10/10, active=0, waiting=0)
2025-10-22T12:34:41.851+09:00 DEBUG 13284 --- [HikariPool-1:housekeeper] com.zaxxer.hikari.pool.HikariPool        : HikariPool-1 - Fill pool skipped, pool has sufficient level or currently being filled.
2025-10-22T12:34:50.776+09:00 DEBUG 13284 --- [HikariPool-1:housekeeper] com.zaxxer.hikari.pool.HikariPool        : HikariPool-1 - keepalive: connection com.mysql.cj.jdbc.ConnectionImpl@19444c2f is alive
2025-10-22T12:35:04.103+09:00 DEBUG 13284 --- [HikariPool-1:housekeeper] com.zaxxer.hikari.pool.HikariPool        : HikariPool-1 - keepalive: connection com.mysql.cj.jdbc.ConnectionImpl@59a3c56 is alive
2025-10-22T12:35:09.666+09:00 DEBUG 13284 --- [HikariPool-1:housekeeper] com.zaxxer.hikari.pool.HikariPool        : HikariPool-1 - keepalive: connection com.mysql.cj.jdbc.ConnectionImpl@2411b6f9 is alive
2025-10-22T12:35:11.863+09:00 DEBUG 13284 --- [HikariPool-1:housekeeper] com.zaxxer.hikari.pool.HikariPool        : HikariPool-1 - Pool stats (total=10/10, idle=10/10, active=0, waiting=0)
2025-10-22T12:35:11.863+09:00 DEBUG 13284 --- [HikariPool-1:housekeeper] com.zaxxer.hikari.pool.HikariPool        : HikariPool-1 - Fill pool skipped, pool has sufficient level or currently being filled.
2025-10-22T12:35:18.300+09:00 DEBUG 13284 --- [HikariPool-1:housekeeper] com.zaxxer.hikari.pool.HikariPool        : HikariPool-1 - keepalive: connection com.mysql.cj.jdbc.ConnectionImpl@4dfd6eae is alive
2025-10-22T12:35:20.667+09:00 DEBUG 13284 --- [HikariPool-1:housekeeper] com.zaxxer.hikari.pool.HikariPool        : HikariPool-1 - keepalive: connection com.mysql.cj.jdbc.ConnectionImpl@9590892 is alive
2025-10-22T12:35:27.886+09:00 DEBUG 13284 --- [HikariPool-1:housekeeper] com.zaxxer.hikari.pool.HikariPool        : HikariPool-1 - keepalive: connection com.mysql.cj.jdbc.ConnectionImpl@80c5088 is alive
2025-10-22T12:35:41.866+09:00 DEBUG 13284 --- [HikariPool-1:housekeeper] com.zaxxer.hikari.pool.HikariPool        : HikariPool-1 - Pool stats (total=10/10, idle=10/10, active=0, waiting=0)
2025-10-22T12:35:41.866+09:00 DEBUG 13284 --- [HikariPool-1:housekeeper] com.zaxxer.hikari.pool.HikariPool        : HikariPool-1 - Fill pool skipped, pool has sufficient level or currently being filled.
2025-10-22T12:35:46.854+09:00 DEBUG 13284 --- [HikariPool-1:housekeeper] com.zaxxer.hikari.pool.HikariPool        : HikariPool-1 - keepalive: connection com.mysql.cj.jdbc.ConnectionImpl@77c765ae is alive
2025-10-22T12:36:11.873+09:00 DEBUG 13284 --- [HikariPool-1:housekeeper] com.zaxxer.hikari.pool.HikariPool        : HikariPool-1 - Pool stats (total=10/10, idle=10/10, active=0, waiting=0)
2025-10-22T12:36:11.873+09:00 DEBUG 13284 --- [HikariPool-1:housekeeper] com.zaxxer.hikari.pool.HikariPool        : HikariPool-1 - Fill pool skipped, pool has sufficient level or currently being filled.
2025-10-22T12:36:11.889+09:00 DEBUG 13284 --- [HikariPool-1:housekeeper] com.zaxxer.hikari.pool.HikariPool        : HikariPool-1 - keepalive: connection com.mysql.cj.jdbc.ConnectionImpl@666d547f is alive
2025-10-22T12:36:24.560+09:00 DEBUG 13284 --- [HikariPool-1:housekeeper] com.zaxxer.hikari.pool.HikariPool        : HikariPool-1 - keepalive: connection com.mysql.cj.jdbc.ConnectionImpl@5344d568 is alive
2025-10-22T12:36:26.931+09:00 DEBUG 13284 --- [HikariPool-1:housekeeper] com.zaxxer.hikari.pool.HikariPool        : HikariPool-1 - keepalive: connection com.mysql.cj.jdbc.ConnectionImpl@19444c2f is alive
2025-10-22T12:36:27.350+09:00 DEBUG 13284 --- [HikariPool-1:housekeeper] com.zaxxer.hikari.pool.HikariPool        : HikariPool-1 - keepalive: connection com.mysql.cj.jdbc.ConnectionImpl@780518d3 is alive
2025-10-22T12:36:41.887+09:00 DEBUG 13284 --- [HikariPool-1:housekeeper] com.zaxxer.hikari.pool.HikariPool        : HikariPool-1 - Pool stats (total=10/10, idle=10/10, active=0, waiting=0)
2025-10-22T12:36:41.887+09:00 DEBUG 13284 --- [HikariPool-1:housekeeper] com.zaxxer.hikari.pool.HikariPool        : HikariPool-1 - Fill pool skipped, pool has sufficient level or currently being filled.
2025-10-22T12:36:49.293+09:00 DEBUG 13284 --- [HikariPool-1:housekeeper] com.zaxxer.hikari.pool.HikariPool        : HikariPool-1 - keepalive: connection com.mysql.cj.jdbc.ConnectionImpl@59a3c56 is alive
2025-10-22T12:36:54.087+09:00 DEBUG 13284 --- [HikariPool-1:housekeeper] com.zaxxer.hikari.pool.HikariPool        : HikariPool-1 - keepalive: connection com.mysql.cj.jdbc.ConnectionImpl@2411b6f9 is alive
2025-10-22T12:37:02.732+09:00 DEBUG 13284 --- [HikariPool-1:housekeeper] com.zaxxer.hikari.pool.HikariPool        : HikariPool-1 - keepalive: connection com.mysql.cj.jdbc.ConnectionImpl@9590892 is alive
2025-10-22T12:37:06.313+09:00 DEBUG 13284 --- [HikariPool-1:housekeeper] com.zaxxer.hikari.pool.HikariPool        : HikariPool-1 - keepalive: connection com.mysql.cj.jdbc.ConnectionImpl@80c5088 is alive
2025-10-22T12:37:08.895+09:00 DEBUG 13284 --- [HikariPool-1:housekeeper] com.zaxxer.hikari.pool.HikariPool        : HikariPool-1 - keepalive: connection com.mysql.cj.jdbc.ConnectionImpl@4dfd6eae is alive
2025-10-22T12:37:11.893+09:00 DEBUG 13284 --- [HikariPool-1:housekeeper] com.zaxxer.hikari.pool.HikariPool        : HikariPool-1 - Pool stats (total=10/10, idle=10/10, active=0, waiting=0)
2025-10-22T12:37:11.893+09:00 DEBUG 13284 --- [HikariPool-1:housekeeper] com.zaxxer.hikari.pool.HikariPool        : HikariPool-1 - Fill pool skipped, pool has sufficient level or currently being filled.
2025-10-22T12:37:26.788+09:00 DEBUG 13284 --- [HikariPool-1:housekeeper] com.zaxxer.hikari.pool.HikariPool        : HikariPool-1 - keepalive: connection com.mysql.cj.jdbc.ConnectionImpl@77c765ae is alive
2025-10-22T12:37:41.908+09:00 DEBUG 13284 --- [HikariPool-1:housekeeper] com.zaxxer.hikari.pool.HikariPool        : HikariPool-1 - Pool stats (total=10/10, idle=10/10, active=0, waiting=0)
2025-10-22T12:37:41.908+09:00 DEBUG 13284 --- [HikariPool-1:housekeeper] com.zaxxer.hikari.pool.HikariPool        : HikariPool-1 - Fill pool skipped, pool has sufficient level or currently being filled.
2025-10-22T12:37:49.341+09:00 DEBUG 13284 --- [HikariPool-1:housekeeper] com.zaxxer.hikari.pool.HikariPool        : HikariPool-1 - keepalive: connection com.mysql.cj.jdbc.ConnectionImpl@666d547f is alive
2025-10-22T12:38:03.089+09:00 DEBUG 13284 --- [HikariPool-1:housekeeper] com.zaxxer.hikari.pool.HikariPool        : HikariPool-1 - keepalive: connection com.mysql.cj.jdbc.ConnectionImpl@19444c2f is alive
2025-10-22T12:38:11.909+09:00 DEBUG 13284 --- [HikariPool-1:housekeeper] com.zaxxer.hikari.pool.HikariPool        : HikariPool-1 - Pool stats (total=10/10, idle=10/10, active=0, waiting=0)
2025-10-22T12:38:11.909+09:00 DEBUG 13284 --- [HikariPool-1:housekeeper] com.zaxxer.hikari.pool.HikariPool        : HikariPool-1 - Fill pool skipped, pool has sufficient level or currently being filled.
2025-10-22T12:38:13.743+09:00 DEBUG 13284 --- [HikariPool-1:housekeeper] com.zaxxer.hikari.pool.HikariPool        : HikariPool-1 - keepalive: connection com.mysql.cj.jdbc.ConnectionImpl@780518d3 is alive
2025-10-22T12:38:19.523+09:00 DEBUG 13284 --- [HikariPool-1:housekeeper] com.zaxxer.hikari.pool.HikariPool        : HikariPool-1 - keepalive: connection com.mysql.cj.jdbc.ConnectionImpl@5344d568 is alive
2025-10-22T12:38:34.487+09:00 DEBUG 13284 --- [HikariPool-1:housekeeper] com.zaxxer.hikari.pool.HikariPool        : HikariPool-1 - keepalive: connection com.mysql.cj.jdbc.ConnectionImpl@59a3c56 is alive
2025-10-22T12:38:38.497+09:00 DEBUG 13284 --- [HikariPool-1:housekeeper] com.zaxxer.hikari.pool.HikariPool        : HikariPool-1 - keepalive: connection com.mysql.cj.jdbc.ConnectionImpl@2411b6f9 is alive
2025-10-22T12:38:41.921+09:00 DEBUG 13284 --- [HikariPool-1:housekeeper] com.zaxxer.hikari.pool.HikariPool        : HikariPool-1 - Pool stats (total=10/10, idle=10/10, active=0, waiting=0)
2025-10-22T12:38:41.921+09:00 DEBUG 13284 --- [HikariPool-1:housekeeper] com.zaxxer.hikari.pool.HikariPool        : HikariPool-1 - Fill pool skipped, pool has sufficient level or currently being filled.
2025-10-22T12:38:44.739+09:00 DEBUG 13284 --- [HikariPool-1:housekeeper] com.zaxxer.hikari.pool.HikariPool        : HikariPool-1 - keepalive: connection com.mysql.cj.jdbc.ConnectionImpl@80c5088 is alive
2025-10-22T12:38:44.802+09:00 DEBUG 13284 --- [HikariPool-1:housekeeper] com.zaxxer.hikari.pool.HikariPool        : HikariPool-1 - keepalive: connection com.mysql.cj.jdbc.ConnectionImpl@9590892 is alive
2025-10-22T12:38:59.491+09:00 DEBUG 13284 --- [HikariPool-1:housekeeper] com.zaxxer.hikari.pool.HikariPool        : HikariPool-1 - keepalive: connection com.mysql.cj.jdbc.ConnectionImpl@4dfd6eae is alive
2025-10-22T12:39:06.730+09:00 DEBUG 13284 --- [HikariPool-1:housekeeper] com.zaxxer.hikari.pool.HikariPool        : HikariPool-1 - keepalive: connection com.mysql.cj.jdbc.ConnectionImpl@77c765ae is alive
2025-10-22T12:39:11.923+09:00 DEBUG 13284 --- [HikariPool-1:housekeeper] com.zaxxer.hikari.pool.HikariPool        : HikariPool-1 - Pool stats (total=10/10, idle=10/10, active=0, waiting=0)
2025-10-22T12:39:11.923+09:00 DEBUG 13284 --- [HikariPool-1:housekeeper] com.zaxxer.hikari.pool.HikariPool        : HikariPool-1 - Fill pool skipped, pool has sufficient level or currently being filled.
2025-10-22T12:39:26.779+09:00 DEBUG 13284 --- [HikariPool-1:housekeeper] com.zaxxer.hikari.pool.HikariPool        : HikariPool-1 - keepalive: connection com.mysql.cj.jdbc.ConnectionImpl@666d547f is alive
